2022-05-26 10:43:38.968 [main] INFO  entidadbancaria.ModificadorAccesoCuenta - El saldo de una cuenta no puede salir en numero negativo100.0
2022-05-26 10:43:38.972 [main] INFO  entidadbancaria.ModificadorAccesoCuenta - Muestra la agencia0
2022-05-26 10:48:04.577 [main] INFO  entidadbancaria.Cuenta - No estan permitidos los saldos negativos 
2022-05-26 10:48:04.583 [main] INFO  entidadbancaria.ModificadorAccesoCuenta - 100.0
2022-05-26 10:48:04.584 [main] INFO  entidadbancaria.ModificadorAccesoCuenta - Muestra el numero de la agencia ... 0
2022-05-26 11:15:23.129 [main] INFO  entidadbancaria.ModificadorAccesoCliente - Carlos
2022-05-26 11:24:06.022 [main] INFO  entidadbancaria.ModificadorAccesoCliente - Carlos
2022-05-26 11:24:06.027 [main] INFO  entidadbancaria.ModificadorAccesoCliente - entidadbancaria.ClienteDelBanco@1cb346ea
2022-05-26 11:50:56.469 [main] INFO  entidadbancaria.Cuenta - Aqui se crea una nueva cuenta
2022-05-26 11:50:56.473 [main] INFO  entidadbancaria.Cuenta - No estan permitidos los saldos negativos 
2022-05-26 11:50:56.474 [main] INFO  entidadbancaria.ConstructorCuenta - 0
2022-05-26 12:10:09.405 [main] INFO  entidadbancaria.Cuenta - no existe una agencia que contenga el numéro 0
2022-05-26 12:10:09.409 [main] INFO  entidadbancaria.Cuenta - Aqui se crea una nueva cuenta
2022-05-26 12:10:09.411 [main] INFO  entidadbancaria.ConstructorCuenta - 1
2022-05-26 12:24:32.225 [main] INFO  entidadbancaria.Cuenta - no existe una agencia que contenga el numéro 0
2022-05-26 12:24:32.230 [main] INFO  entidadbancaria.Cuenta - Aqui se crea una nueva cuenta
2022-05-26 12:24:32.231 [main] INFO  entidadbancaria.ConstructorCuenta - 1
2022-05-26 12:27:15.624 [main] INFO  entidadbancaria.Cuenta - no existe una agencia que contenga el numéro 0
2022-05-26 12:27:15.629 [main] INFO  entidadbancaria.Cuenta - Aqui se crea una nueva cuenta
2022-05-26 12:27:15.630 [main] INFO  entidadbancaria.ConstructorCuenta - 1
2022-05-26 13:03:02.602 [main] INFO  entidadbancaria.Cuenta - no existe una agencia que contenga el numéro 0
2022-05-26 13:03:02.607 [main] INFO  entidadbancaria.Cuenta - Cada vez que se crea una cuenta encrementa 1
2022-05-26 13:03:02.608 [main] INFO  entidadbancaria.ConstructorCuenta - 1
2022-05-26 13:05:31.498 [main] INFO  entidadbancaria.Cuenta - no existe una agencia que contenga el numéro 0
2022-05-26 13:05:31.503 [main] INFO  entidadbancaria.Cuenta - Cada vez que se crea una cuenta tendra un incremento en 1
2022-05-26 13:05:31.503 [main] INFO  entidadbancaria.Cuenta - no existe una agencia que contenga el numéro 0
2022-05-26 13:05:31.503 [main] INFO  entidadbancaria.Cuenta - Cada vez que se crea una cuenta tendra un incremento en 1
2022-05-26 13:05:31.504 [main] INFO  entidadbancaria.ConstructorCuenta - 1
2022-05-26 13:07:21.013 [main] INFO  entidadbancaria.Cuenta - no existe una agencia que contenga el numéro 0
2022-05-26 13:07:21.018 [main] INFO  entidadbancaria.Cuenta - Cada vez que se crea una cuenta tendra un incremento en 1
2022-05-26 13:07:21.019 [main] INFO  entidadbancaria.Cuenta - no existe una agencia que contenga el numéro 0
2022-05-26 13:07:21.019 [main] INFO  entidadbancaria.Cuenta - Cada vez que se crea una cuenta tendra un incremento en 1
2022-05-26 13:12:09.243 [main] INFO  entidadbancaria.Cuenta - no existe una agencia que contenga el numéro 0
2022-05-26 13:12:09.249 [main] INFO  entidadbancaria.Cuenta - Cada vez que se crea una cuenta tendra un incremento en 1
2022-05-26 13:12:09.249 [main] INFO  entidadbancaria.Cuenta - no existe una agencia que contenga el numéro 0
2022-05-26 13:12:09.249 [main] INFO  entidadbancaria.Cuenta - Cada vez que se crea una cuenta tendra un incremento en 2
2022-05-26 13:12:09.250 [main] INFO  entidadbancaria.Cuenta - no existe una agencia que contenga el numéro 0
2022-05-26 13:12:09.250 [main] INFO  entidadbancaria.Cuenta - Cada vez que se crea una cuenta tendra un incremento en 3
2022-05-26 13:14:08.153 [main] INFO  entidadbancaria.Cuenta - no existe una agencia que contenga el numéro 0
2022-05-26 13:14:08.161 [main] INFO  entidadbancaria.Cuenta - Cuenta número 1creada 
2022-05-26 13:14:08.161 [main] INFO  entidadbancaria.Cuenta - no existe una agencia que contenga el numéro 0
2022-05-26 13:14:08.161 [main] INFO  entidadbancaria.Cuenta - Cuenta número 2creada 
2022-05-26 13:14:08.162 [main] INFO  entidadbancaria.Cuenta - no existe una agencia que contenga el numéro 0
2022-05-26 13:14:08.162 [main] INFO  entidadbancaria.Cuenta - Cuenta número 3creada 
2022-05-26 13:14:45.524 [main] INFO  entidadbancaria.Cuenta - no existe una agencia que contenga el numéro 0
2022-05-26 13:14:45.531 [main] INFO  entidadbancaria.Cuenta - Cuenta número 1 creada
2022-05-26 13:14:45.532 [main] INFO  entidadbancaria.Cuenta - no existe una agencia que contenga el numéro 0
2022-05-26 13:14:45.532 [main] INFO  entidadbancaria.Cuenta - Cuenta número 2 creada
2022-05-26 13:14:45.532 [main] INFO  entidadbancaria.Cuenta - no existe una agencia que contenga el numéro 0
2022-05-26 13:14:45.533 [main] INFO  entidadbancaria.Cuenta - Cuenta número 3 creada
2022-05-26 13:19:45.815 [main] INFO  entidadbancaria.Cuenta - no existe una agencia que contenga el numéro 0
2022-05-26 13:19:45.827 [main] INFO  entidadbancaria.Cuenta - Cuenta número 1 creada
2022-05-26 13:19:45.828 [main] INFO  entidadbancaria.Cuenta - no existe una agencia que contenga el numéro 0
2022-05-26 13:19:45.828 [main] INFO  entidadbancaria.Cuenta - Cuenta número 2 creada
2022-05-26 13:19:45.828 [main] INFO  entidadbancaria.Cuenta - no existe una agencia que contenga el numéro 0
2022-05-26 13:19:45.828 [main] INFO  entidadbancaria.Cuenta - Cuenta número 3 creada
2022-05-26 13:45:48.976 [main] INFO  entidadbancaria.Cuenta - no existe una agencia que contenga el numéro 0
2022-05-26 13:45:48.987 [main] INFO  entidadbancaria.Cuenta - Cuenta número 1 creada
2022-05-26 13:45:48.996 [main] INFO  entidadbancaria.CrearCuentaCliente - la primera cuenta tiene un saldo de $1000.0
2022-05-26 13:45:48.996 [main] INFO  entidadbancaria.CrearCuentaCliente -  
2022-05-26 13:45:48.997 [main] INFO  entidadbancaria.Cuenta - no existe una agencia que contenga el numéro 0
2022-05-26 13:45:48.997 [main] INFO  entidadbancaria.Cuenta - Cuenta número 2 creada
2022-05-26 13:45:48.997 [main] INFO  entidadbancaria.CrearCuentaCliente - la segunda cuenta tiene un saldo de $500.0
2022-05-26 13:45:48.999 [main] INFO  entidadbancaria.CrearCuentaCliente - referencia en espacio de memoria de ejava para el nuevo objeto entidadbancaria.Cuenta@37911f88
2022-05-26 13:46:07.982 [main] INFO  entidadbancaria.Cuenta - no existe una agencia que contenga el numéro 0
2022-05-26 13:46:07.994 [main] INFO  entidadbancaria.Cuenta - Cuenta número 1 creada
2022-05-26 13:46:08.001 [main] INFO  entidadbancaria.ManejoDeCuentaDepositoYRetiro - primer saldo en mi cuenta $500.0
2022-05-26 13:46:08.001 [main] INFO  entidadbancaria.ManejoDeCuentaDepositoYRetiro - 
2022-05-26 13:46:08.002 [main] INFO  entidadbancaria.ManejoDeCuentaDepositoYRetiro - Segundo saldo en mi cuenta, despues de hacer el retiro $400.0
2022-05-26 13:46:08.002 [main] INFO  entidadbancaria.ManejoDeCuentaDepositoYRetiro - 
2022-05-26 13:46:08.002 [main] INFO  entidadbancaria.Cuenta - no existe una agencia que contenga el numéro 0
2022-05-26 13:46:08.003 [main] INFO  entidadbancaria.Cuenta - Cuenta número 2 creada
2022-05-26 13:46:08.003 [main] INFO  entidadbancaria.ManejoDeCuentaDepositoYRetiro - Saldo en la cuenta de Carlos $1000.0
2022-05-26 13:46:08.003 [main] INFO  entidadbancaria.ManejoDeCuentaDepositoYRetiro - 
2022-05-26 13:46:08.004 [main] INFO  entidadbancaria.ManejoDeCuentaDepositoYRetiro - La transferencia realizada por Carlos a mi cuenta fue exitosa
2022-05-26 13:46:30.967 [main] INFO  entidadbancaria.Cuenta - no existe una agencia que contenga el numéro 0
2022-05-26 13:46:30.974 [main] INFO  entidadbancaria.Cuenta - Cuenta número 1 creada
2022-05-26 13:46:30.974 [main] INFO  entidadbancaria.ModificadorAccesoCliente - Carlos
2022-05-26 13:46:30.975 [main] INFO  entidadbancaria.ModificadorAccesoCliente - entidadbancaria.ClienteDelBanco@7354b8c5
2022-05-26 13:46:42.498 [main] INFO  entidadbancaria.Cuenta - no existe una agencia que contenga el numéro 0
2022-05-26 13:46:42.507 [main] INFO  entidadbancaria.Cuenta - Cuenta número 1 creada
2022-05-26 13:46:42.512 [main] INFO  entidadbancaria.ModificadorAccesoCuenta - 100.0
2022-05-26 13:46:42.513 [main] INFO  entidadbancaria.ModificadorAccesoCuenta - Muestra el numéro de la agencia ... 1
2022-05-26 13:46:54.794 [main] INFO  entidadbancaria.Cuenta - no existe una agencia que contenga el numéro 0
2022-05-26 13:46:54.801 [main] INFO  entidadbancaria.Cuenta - Cuenta número 1 creada
2022-05-26 13:46:54.805 [main] INFO  entidadbancaria.TestReferencia1 - Saldo de la primera cuenta $100.0
2022-05-26 13:46:54.806 [main] INFO  entidadbancaria.TestReferencia1 - Saldo de la segunda cuenta $100.0
2022-05-26 13:46:54.806 [main] INFO  entidadbancaria.TestReferencia1 - 
2022-05-26 13:46:54.807 [main] INFO  entidadbancaria.TestReferencia1 - Saldo de la primera cuenta $400.0
2022-05-26 13:46:54.807 [main] INFO  entidadbancaria.TestReferencia1 - 
2022-05-26 13:46:54.808 [main] INFO  entidadbancaria.TestReferencia1 - espacio en memoria primera cuenta ... entidadbancaria.Cuenta@12299890
2022-05-26 13:46:54.809 [main] INFO  entidadbancaria.TestReferencia1 - espacio en memoria de la segunda cuenta ... entidadbancaria.Cuenta@12299890
2022-05-26 13:46:54.810 [main] INFO  entidadbancaria.TestReferencia1 - 
2022-05-26 13:46:54.810 [main] INFO  entidadbancaria.TestReferencia1 - son el mismo objeto
2022-05-26 13:47:10.951 [main] INFO  entidadbancaria.Cuenta - no existe una agencia que contenga el numéro 0
2022-05-26 13:47:10.958 [main] INFO  entidadbancaria.Cuenta - Cuenta número 1 creada
2022-05-26 13:47:10.960 [main] INFO  entidadbancaria.TestReferencia2 - Informacion del documento de identidad de la cuenta de Carlos 37689592
2022-05-26 13:47:10.962 [main] INFO  entidadbancaria.TestReferencia2 - Información del espacio en memoria de la cuenta de Carlos ....entidadbancaria.ClienteDelBanco@4bd31064
2022-05-26 13:47:10.963 [main] INFO  entidadbancaria.TestReferencia2 - entidadbancaria.ClienteDelBanco@4bd31064
2022-05-26 13:47:23.987 [main] INFO  entidadbancaria.Cuenta - no existe una agencia que contenga el numéro 0
2022-05-26 13:47:23.995 [main] INFO  entidadbancaria.Cuenta - Cuenta número 1 creada
2022-05-26 13:47:24.011 [main] INFO  entidadbancaria.CrearCuentaCliente - la primera cuenta tiene un saldo de $1000.0
2022-05-26 13:47:24.012 [main] INFO  entidadbancaria.CrearCuentaCliente -  
2022-05-26 13:47:24.013 [main] INFO  entidadbancaria.Cuenta - no existe una agencia que contenga el numéro 0
2022-05-26 13:47:24.014 [main] INFO  entidadbancaria.Cuenta - Cuenta número 2 creada
2022-05-26 13:47:24.015 [main] INFO  entidadbancaria.CrearCuentaCliente - la segunda cuenta tiene un saldo de $500.0
2022-05-26 13:47:24.018 [main] INFO  entidadbancaria.CrearCuentaCliente - referencia en espacio de memoria de ejava para el nuevo objeto entidadbancaria.Cuenta@5d43661b
